<?xml version="1.0" encoding="UTF-8"?>
<!-- Generated by org.testng.reporters.JUnitReportReporter -->
<testsuite hostname="lenovo" failures="0" tests="2" name="Practice.Tester2" time="0.027" errors="0" timestamp="2021-08-28T21:41:49 GMT-07:00" skipped="0">
  <testcase classname="Practice.Tester2" name="orgPage" time="0.023"/>
  <system-out/>
  <testcase classname="Practice.Tester2" name="orgHello" time="0.004"/>
  <system-out/>
</testsuite> <!-- Practice.Tester2 -->
