<?xml version="1.0" encoding="UTF-8"?>
<!-- Generated by org.testng.reporters.JUnitReportReporter -->
<testsuite hostname="lenovo" failures="0" tests="1" name="com.vtiger.comcast.opportunitylib.GetTitle1test" time="1.877" errors="0" timestamp="2021-08-27T17:03:08 PDT" skipped="0">
  <testcase classname="com.vtiger.comcast.opportunitylib.GetTitle1test" name="HomeText" time="1.877"/>
  <system-out/>
</testsuite> <!-- com.vtiger.comcast.opportunitylib.GetTitle1test -->
