<?xml version="1.0" encoding="UTF-8"?>
<!-- Generated by org.testng.reporters.JUnitReportReporter -->
<testsuite hostname="lenovo" failures="0" tests="1" name="com.vtiger.comcast.opportunitylib.GetTitle1" time="2.873" errors="0" timestamp="2021-08-27T06:04:23 PDT" skipped="0">
  <testcase classname="com.vtiger.comcast.opportunitylib.GetTitle1" name="HomeText" time="2.873"/>
  <system-out/>
</testsuite> <!-- com.vtiger.comcast.opportunitylib.GetTitle1 -->
